[2019-11-05 10:59:20] lumen.ERROR: ErrorException: Trying to get property of non-object in /home/275369.cloudwaysapps.com/pkkcrcapkr/public_html/wp-content/themes/homey/template-parts/search/search-calendar.php:51
Stack trace:
#0 /home/275369.cloudwaysapps.com/pkkcrcapkr/public_html/wp-content/themes/homey/template-parts/search/search-calendar.php(51): Laravel\Lumen\Application->Laravel\Lumen\Concerns\{closure}(8, 'Trying to get p...', '/home/275369.cl...', 51, Array)
#1 /home/275369.cloudwaysapps.com/pkkcrcapkr/public_html/wp-content/themes/homey/template-parts/search/search-calendar.php(16): homeySearchGenerateMonth(1, 1572566400, '11', '2019')
#2 /home/275369.cloudwaysapps.com/pkkcrcapkr/public_html/wp-content/themes/homey/template-parts/search/search-calendar.php(187): homeySearchCalendar()
#3 /home/275369.cloudwaysapps.com/pkkcrcapkr/public_html/wp-includes/template.php(724): require('/home/275369.cl...')
#4 /home/275369.cloudwaysapps.com/pkkcrcapkr/public_html/wp-includes/template.php(671): load_template('/home/275369.cl...', false)
#5 /home/275369.cloudwaysapps.com/pkkcrcapkr/public_html/wp-includes/general-template.php(168): locate_template(Array, true, false)
#6 /home/275369.cloudwaysapps.com/pkkcrcapkr/public_html/wp-content/themes/homey/template-parts/search/overlay-mobile-search-hourly.php(199): get_template_part('template-parts/...')
#7 /home/275369.cloudwaysapps.com/pkkcrcapkr/public_html/wp-includes/template.php(724): require('/home/275369.cl...')
#8 /home/275369.cloudwaysapps.com/pkkcrcapkr/public_html/wp-includes/template.php(671): load_template('/home/275369.cl...', false)
#9 /home/275369.cloudwaysapps.com/pkkcrcapkr/public_html/wp-includes/general-template.php(168): locate_template(Array, true, false)
#10 /home/275369.cloudwaysapps.com/pkkcrcapkr/public_html/wp-content/themes/homey/template-parts/search/overlay-mobile-search.php(6): get_template_part('template-parts/...', 'hourly')
#11 /home/275369.cloudwaysapps.com/pkkcrcapkr/public_html/wp-includes/template.php(724): require('/home/275369.cl...')
#12 /home/275369.cloudwaysapps.com/pkkcrcapkr/public_html/wp-includes/template.php(671): load_template('/home/275369.cl...', false)
#13 /home/275369.cloudwaysapps.com/pkkcrcapkr/public_html/wp-includes/general-template.php(168): locate_template(Array, true, false)
#14 /home/275369.cloudwaysapps.com/pkkcrcapkr/public_html/wp-content/themes/homey/footer.php(20): get_template_part('template-parts/...')
#15 /home/275369.cloudwaysapps.com/pkkcrcapkr/public_html/wp-includes/template.php(722): require_once('/home/275369.cl...')
#16 /home/275369.cloudwaysapps.com/pkkcrcapkr/public_html/wp-includes/template.php(671): load_template('/home/275369.cl...', true)
#17 /home/275369.cloudwaysapps.com/pkkcrcapkr/public_html/wp-includes/general-template.php(76): locate_template(Array, true)
#18 /home/275369.cloudwaysapps.com/pkkcrcapkr/public_html/wp-content/themes/homey/404.php(35): get_footer()
#19 /home/275369.cloudwaysapps.com/pkkcrcapkr/public_html/wp-includes/template-loader.php(78): include('/home/275369.cl...')
#20 /home/275369.cloudwaysapps.com/pkkcrcapkr/public_html/wp-blog-header.php(19): require_once('/home/275369.cl...')
#21 /home/275369.cloudwaysapps.com/pkkcrcapkr/public_html/index.php(17): require('/home/275369.cl...')
#22 {main}  
[2019-11-06 14:08:31] lumen.ERROR: ErrorException: Undefined index: start_hour in /home/275369.cloudwaysapps.com/pkkcrcapkr/public_html/wp-content/themes/homey-child/template-parts/dashboard/reservation/item.php:75
Stack trace:
#0 /home/275369.cloudwaysapps.com/pkkcrcapkr/public_html/wp-content/themes/homey-child/template-parts/dashboard/reservation/item.php(75): Laravel\Lumen\Application->Laravel\Lumen\Concerns\{closure}(8, 'Undefined index...', '/home/275369.cl...', 75, Array)
#1 /home/275369.cloudwaysapps.com/pkkcrcapkr/public_html/wp-includes/template.php(724): require('/home/275369.cl...')
#2 /home/275369.cloudwaysapps.com/pkkcrcapkr/public_html/wp-includes/template.php(671): load_template('/home/275369.cl...', false)
#3 /home/275369.cloudwaysapps.com/pkkcrcapkr/public_html/wp-includes/general-template.php(168): locate_template(Array, true, false)
#4 /home/275369.cloudwaysapps.com/pkkcrcapkr/public_html/wp-content/themes/homey-child/template-parts/dashboard/reservation/list.php(104): get_template_part('template-parts/...')
#5 /home/275369.cloudwaysapps.com/pkkcrcapkr/public_html/wp-includes/template.php(724): require('/home/275369.cl...')
#6 /home/275369.cloudwaysapps.com/pkkcrcapkr/public_html/wp-includes/template.php(671): load_template('/home/275369.cl...', false)
#7 /home/275369.cloudwaysapps.com/pkkcrcapkr/public_html/wp-includes/general-template.php(168): locate_template(Array, true, false)
#8 /home/275369.cloudwaysapps.com/pkkcrcapkr/public_html/wp-content/themes/homey-child/template/dashboard-reservations.php(168): get_template_part('template-parts/...')
#9 /home/275369.cloudwaysapps.com/pkkcrcapkr/public_html/wp-includes/template-loader.php(78): include('/home/275369.cl...')
#10 /home/275369.cloudwaysapps.com/pkkcrcapkr/public_html/wp-blog-header.php(19): require_once('/home/275369.cl...')
#11 /home/275369.cloudwaysapps.com/pkkcrcapkr/public_html/index.php(17): require('/home/275369.cl...')
#12 {main}  
[2019-11-06 14:08:40] lumen.ERROR: ErrorException: Undefined index: start_hour in /home/275369.cloudwaysapps.com/pkkcrcapkr/public_html/wp-content/themes/homey-child/template-parts/dashboard/reservation/item.php:75
Stack trace:
#0 /home/275369.cloudwaysapps.com/pkkcrcapkr/public_html/wp-content/themes/homey-child/template-parts/dashboard/reservation/item.php(75): Laravel\Lumen\Application->Laravel\Lumen\Concerns\{closure}(8, 'Undefined index...', '/home/275369.cl...', 75, Array)
#1 /home/275369.cloudwaysapps.com/pkkcrcapkr/public_html/wp-includes/template.php(724): require('/home/275369.cl...')
#2 /home/275369.cloudwaysapps.com/pkkcrcapkr/public_html/wp-includes/template.php(671): load_template('/home/275369.cl...', false)
#3 /home/275369.cloudwaysapps.com/pkkcrcapkr/public_html/wp-includes/general-template.php(168): locate_template(Array, true, false)
#4 /home/275369.cloudwaysapps.com/pkkcrcapkr/public_html/wp-content/themes/homey-child/template-parts/dashboard/reservation/list.php(104): get_template_part('template-parts/...')
#5 /home/275369.cloudwaysapps.com/pkkcrcapkr/public_html/wp-includes/template.php(724): require('/home/275369.cl...')
#6 /home/275369.cloudwaysapps.com/pkkcrcapkr/public_html/wp-includes/template.php(671): load_template('/home/275369.cl...', false)
#7 /home/275369.cloudwaysapps.com/pkkcrcapkr/public_html/wp-includes/general-template.php(168): locate_template(Array, true, false)
#8 /home/275369.cloudwaysapps.com/pkkcrcapkr/public_html/wp-content/themes/homey-child/template/dashboard-reservations.php(168): get_template_part('template-parts/...')
#9 /home/275369.cloudwaysapps.com/pkkcrcapkr/public_html/wp-includes/template-loader.php(78): include('/home/275369.cl...')
#10 /home/275369.cloudwaysapps.com/pkkcrcapkr/public_html/wp-blog-header.php(19): require_once('/home/275369.cl...')
#11 /home/275369.cloudwaysapps.com/pkkcrcapkr/public_html/index.php(17): require('/home/275369.cl...')
#12 {main}  
[2019-11-06 14:08:47] lumen.ERROR: ErrorException: Undefined index: start_hour in /home/275369.cloudwaysapps.com/pkkcrcapkr/public_html/wp-content/themes/homey-child/template-parts/dashboard/reservation/item.php:75
Stack trace:
#0 /home/275369.cloudwaysapps.com/pkkcrcapkr/public_html/wp-content/themes/homey-child/template-parts/dashboard/reservation/item.php(75): Laravel\Lumen\Application->Laravel\Lumen\Concerns\{closure}(8, 'Undefined index...', '/home/275369.cl...', 75, Array)
#1 /home/275369.cloudwaysapps.com/pkkcrcapkr/public_html/wp-includes/template.php(724): require('/home/275369.cl...')
#2 /home/275369.cloudwaysapps.com/pkkcrcapkr/public_html/wp-includes/template.php(671): load_template('/home/275369.cl...', false)
#3 /home/275369.cloudwaysapps.com/pkkcrcapkr/public_html/wp-includes/general-template.php(168): locate_template(Array, true, false)
#4 /home/275369.cloudwaysapps.com/pkkcrcapkr/public_html/wp-content/themes/homey-child/template-parts/dashboard/reservation/list.php(104): get_template_part('template-parts/...')
#5 /home/275369.cloudwaysapps.com/pkkcrcapkr/public_html/wp-includes/template.php(724): require('/home/275369.cl...')
#6 /home/275369.cloudwaysapps.com/pkkcrcapkr/public_html/wp-includes/template.php(671): load_template('/home/275369.cl...', false)
#7 /home/275369.cloudwaysapps.com/pkkcrcapkr/public_html/wp-includes/general-template.php(168): locate_template(Array, true, false)
#8 /home/275369.cloudwaysapps.com/pkkcrcapkr/public_html/wp-content/themes/homey-child/template/dashboard-reservations.php(168): get_template_part('template-parts/...')
#9 /home/275369.cloudwaysapps.com/pkkcrcapkr/public_html/wp-includes/template-loader.php(78): include('/home/275369.cl...')
#10 /home/275369.cloudwaysapps.com/pkkcrcapkr/public_html/wp-blog-header.php(19): require_once('/home/275369.cl...')
#11 /home/275369.cloudwaysapps.com/pkkcrcapkr/public_html/index.php(17): require('/home/275369.cl...')
#12 {main}  
[2019-11-06 14:09:13] lumen.ERROR: ErrorException: Undefined index: start_hour in /home/275369.cloudwaysapps.com/pkkcrcapkr/public_html/wp-content/themes/homey-child/template-parts/dashboard/reservation/item.php:75
Stack trace:
#0 /home/275369.cloudwaysapps.com/pkkcrcapkr/public_html/wp-content/themes/homey-child/template-parts/dashboard/reservation/item.php(75): Laravel\Lumen\Application->Laravel\Lumen\Concerns\{closure}(8, 'Undefined index...', '/home/275369.cl...', 75, Array)
#1 /home/275369.cloudwaysapps.com/pkkcrcapkr/public_html/wp-includes/template.php(724): require('/home/275369.cl...')
#2 /home/275369.cloudwaysapps.com/pkkcrcapkr/public_html/wp-includes/template.php(671): load_template('/home/275369.cl...', false)
#3 /home/275369.cloudwaysapps.com/pkkcrcapkr/public_html/wp-includes/general-template.php(168): locate_template(Array, true, false)
#4 /home/275369.cloudwaysapps.com/pkkcrcapkr/public_html/wp-content/themes/homey-child/template-parts/dashboard/reservation/list.php(104): get_template_part('template-parts/...')
#5 /home/275369.cloudwaysapps.com/pkkcrcapkr/public_html/wp-includes/template.php(724): require('/home/275369.cl...')
#6 /home/275369.cloudwaysapps.com/pkkcrcapkr/public_html/wp-includes/template.php(671): load_template('/home/275369.cl...', false)
#7 /home/275369.cloudwaysapps.com/pkkcrcapkr/public_html/wp-includes/general-template.php(168): locate_template(Array, true, false)
#8 /home/275369.cloudwaysapps.com/pkkcrcapkr/public_html/wp-content/themes/homey-child/template/dashboard-reservations.php(168): get_template_part('template-parts/...')
#9 /home/275369.cloudwaysapps.com/pkkcrcapkr/public_html/wp-includes/template-loader.php(78): include('/home/275369.cl...')
#10 /home/275369.cloudwaysapps.com/pkkcrcapkr/public_html/wp-blog-header.php(19): require_once('/home/275369.cl...')
#11 /home/275369.cloudwaysapps.com/pkkcrcapkr/public_html/index.php(17): require('/home/275369.cl...')
#12 {main}  
[2019-11-06 14:09:24] lumen.ERROR: ErrorException: Undefined index: start_hour in /home/275369.cloudwaysapps.com/pkkcrcapkr/public_html/wp-content/themes/homey-child/template-parts/dashboard/reservation/item.php:75
Stack trace:
#0 /home/275369.cloudwaysapps.com/pkkcrcapkr/public_html/wp-content/themes/homey-child/template-parts/dashboard/reservation/item.php(75): Laravel\Lumen\Application->Laravel\Lumen\Concerns\{closure}(8, 'Undefined index...', '/home/275369.cl...', 75, Array)
#1 /home/275369.cloudwaysapps.com/pkkcrcapkr/public_html/wp-includes/template.php(724): require('/home/275369.cl...')
#2 /home/275369.cloudwaysapps.com/pkkcrcapkr/public_html/wp-includes/template.php(671): load_template('/home/275369.cl...', false)
#3 /home/275369.cloudwaysapps.com/pkkcrcapkr/public_html/wp-includes/general-template.php(168): locate_template(Array, true, false)
#4 /home/275369.cloudwaysapps.com/pkkcrcapkr/public_html/wp-content/themes/homey-child/template-parts/dashboard/reservation/list.php(104): get_template_part('template-parts/...')
#5 /home/275369.cloudwaysapps.com/pkkcrcapkr/public_html/wp-includes/template.php(724): require('/home/275369.cl...')
#6 /home/275369.cloudwaysapps.com/pkkcrcapkr/public_html/wp-includes/template.php(671): load_template('/home/275369.cl...', false)
#7 /home/275369.cloudwaysapps.com/pkkcrcapkr/public_html/wp-includes/general-template.php(168): locate_template(Array, true, false)
#8 /home/275369.cloudwaysapps.com/pkkcrcapkr/public_html/wp-content/themes/homey-child/template/dashboard-reservations.php(168): get_template_part('template-parts/...')
#9 /home/275369.cloudwaysapps.com/pkkcrcapkr/public_html/wp-includes/template-loader.php(78): include('/home/275369.cl...')
#10 /home/275369.cloudwaysapps.com/pkkcrcapkr/public_html/wp-blog-header.php(19): require_once('/home/275369.cl...')
#11 /home/275369.cloudwaysapps.com/pkkcrcapkr/public_html/index.php(17): require('/home/275369.cl...')
#12 {main}  
[2019-11-06 14:09:36] lumen.ERROR: ErrorException: Undefined index: start_hour in /home/275369.cloudwaysapps.com/pkkcrcapkr/public_html/wp-content/themes/homey-child/template-parts/dashboard/reservation/item.php:75
Stack trace:
#0 /home/275369.cloudwaysapps.com/pkkcrcapkr/public_html/wp-content/themes/homey-child/template-parts/dashboard/reservation/item.php(75): Laravel\Lumen\Application->Laravel\Lumen\Concerns\{closure}(8, 'Undefined index...', '/home/275369.cl...', 75, Array)
#1 /home/275369.cloudwaysapps.com/pkkcrcapkr/public_html/wp-includes/template.php(724): require('/home/275369.cl...')
#2 /home/275369.cloudwaysapps.com/pkkcrcapkr/public_html/wp-includes/template.php(671): load_template('/home/275369.cl...', false)
#3 /home/275369.cloudwaysapps.com/pkkcrcapkr/public_html/wp-includes/general-template.php(168): locate_template(Array, true, false)
#4 /home/275369.cloudwaysapps.com/pkkcrcapkr/public_html/wp-content/themes/homey-child/template-parts/dashboard/reservation/list.php(104): get_template_part('template-parts/...')
#5 /home/275369.cloudwaysapps.com/pkkcrcapkr/public_html/wp-includes/template.php(724): require('/home/275369.cl...')
#6 /home/275369.cloudwaysapps.com/pkkcrcapkr/public_html/wp-includes/template.php(671): load_template('/home/275369.cl...', false)
#7 /home/275369.cloudwaysapps.com/pkkcrcapkr/public_html/wp-includes/general-template.php(168): locate_template(Array, true, false)
#8 /home/275369.cloudwaysapps.com/pkkcrcapkr/public_html/wp-content/themes/homey-child/template/dashboard-reservations.php(168): get_template_part('template-parts/...')
#9 /home/275369.cloudwaysapps.com/pkkcrcapkr/public_html/wp-includes/template-loader.php(78): include('/home/275369.cl...')
#10 /home/275369.cloudwaysapps.com/pkkcrcapkr/public_html/wp-blog-header.php(19): require_once('/home/275369.cl...')
#11 /home/275369.cloudwaysapps.com/pkkcrcapkr/public_html/index.php(17): require('/home/275369.cl...')
#12 {main}  
[2019-11-06 14:11:09] lumen.ERROR: ErrorException: Undefined index: start_hour in /home/275369.cloudwaysapps.com/pkkcrcapkr/public_html/wp-content/themes/homey-child/template-parts/dashboard/reservation/item.php:75
Stack trace:
#0 /home/275369.cloudwaysapps.com/pkkcrcapkr/public_html/wp-content/themes/homey-child/template-parts/dashboard/reservation/item.php(75): Laravel\Lumen\Application->Laravel\Lumen\Concerns\{closure}(8, 'Undefined index...', '/home/275369.cl...', 75, Array)
#1 /home/275369.cloudwaysapps.com/pkkcrcapkr/public_html/wp-includes/template.php(724): require('/home/275369.cl...')
#2 /home/275369.cloudwaysapps.com/pkkcrcapkr/public_html/wp-includes/template.php(671): load_template('/home/275369.cl...', false)
#3 /home/275369.cloudwaysapps.com/pkkcrcapkr/public_html/wp-includes/general-template.php(168): locate_template(Array, true, false)
#4 /home/275369.cloudwaysapps.com/pkkcrcapkr/public_html/wp-content/themes/homey-child/template-parts/dashboard/reservation/list.php(104): get_template_part('template-parts/...')
#5 /home/275369.cloudwaysapps.com/pkkcrcapkr/public_html/wp-includes/template.php(724): require('/home/275369.cl...')
#6 /home/275369.cloudwaysapps.com/pkkcrcapkr/public_html/wp-includes/template.php(671): load_template('/home/275369.cl...', false)
#7 /home/275369.cloudwaysapps.com/pkkcrcapkr/public_html/wp-includes/general-template.php(168): locate_template(Array, true, false)
#8 /home/275369.cloudwaysapps.com/pkkcrcapkr/public_html/wp-content/themes/homey-child/template/dashboard-reservations.php(168): get_template_part('template-parts/...')
#9 /home/275369.cloudwaysapps.com/pkkcrcapkr/public_html/wp-includes/template-loader.php(78): include('/home/275369.cl...')
#10 /home/275369.cloudwaysapps.com/pkkcrcapkr/public_html/wp-blog-header.php(19): require_once('/home/275369.cl...')
#11 /home/275369.cloudwaysapps.com/pkkcrcapkr/public_html/index.php(17): require('/home/275369.cl...')
#12 {main}  
[2019-11-06 14:11:22] lumen.ERROR: ErrorException: Undefined index: start_hour in /home/275369.cloudwaysapps.com/pkkcrcapkr/public_html/wp-content/themes/homey-child/template-parts/dashboard/reservation/item.php:75
Stack trace:
#0 /home/275369.cloudwaysapps.com/pkkcrcapkr/public_html/wp-content/themes/homey-child/template-parts/dashboard/reservation/item.php(75): Laravel\Lumen\Application->Laravel\Lumen\Concerns\{closure}(8, 'Undefined index...', '/home/275369.cl...', 75, Array)
#1 /home/275369.cloudwaysapps.com/pkkcrcapkr/public_html/wp-includes/template.php(724): require('/home/275369.cl...')
#2 /home/275369.cloudwaysapps.com/pkkcrcapkr/public_html/wp-includes/template.php(671): load_template('/home/275369.cl...', false)
#3 /home/275369.cloudwaysapps.com/pkkcrcapkr/public_html/wp-includes/general-template.php(168): locate_template(Array, true, false)
#4 /home/275369.cloudwaysapps.com/pkkcrcapkr/public_html/wp-content/themes/homey-child/template-parts/dashboard/reservation/list.php(104): get_template_part('template-parts/...')
#5 /home/275369.cloudwaysapps.com/pkkcrcapkr/public_html/wp-includes/template.php(724): require('/home/275369.cl...')
#6 /home/275369.cloudwaysapps.com/pkkcrcapkr/public_html/wp-includes/template.php(671): load_template('/home/275369.cl...', false)
#7 /home/275369.cloudwaysapps.com/pkkcrcapkr/public_html/wp-includes/general-template.php(168): locate_template(Array, true, false)
#8 /home/275369.cloudwaysapps.com/pkkcrcapkr/public_html/wp-content/themes/homey-child/template/dashboard-reservations.php(168): get_template_part('template-parts/...')
#9 /home/275369.cloudwaysapps.com/pkkcrcapkr/public_html/wp-includes/template-loader.php(78): include('/home/275369.cl...')
#10 /home/275369.cloudwaysapps.com/pkkcrcapkr/public_html/wp-blog-header.php(19): require_once('/home/275369.cl...')
#11 /home/275369.cloudwaysapps.com/pkkcrcapkr/public_html/index.php(17): require('/home/275369.cl...')
#12 {main}  
[2019-11-06 14:21:14] lumen.ERROR: ErrorException: Undefined index: start_hour in /home/275369.cloudwaysapps.com/pkkcrcapkr/public_html/wp-content/themes/homey-child/template-parts/dashboard/reservation/item.php:75
Stack trace:
#0 /home/275369.cloudwaysapps.com/pkkcrcapkr/public_html/wp-content/themes/homey-child/template-parts/dashboard/reservation/item.php(75): Laravel\Lumen\Application->Laravel\Lumen\Concerns\{closure}(8, 'Undefined index...', '/home/275369.cl...', 75, Array)
#1 /home/275369.cloudwaysapps.com/pkkcrcapkr/public_html/wp-includes/template.php(724): require('/home/275369.cl...')
#2 /home/275369.cloudwaysapps.com/pkkcrcapkr/public_html/wp-includes/template.php(671): load_template('/home/275369.cl...', false)
#3 /home/275369.cloudwaysapps.com/pkkcrcapkr/public_html/wp-includes/general-template.php(168): locate_template(Array, true, false)
#4 /home/275369.cloudwaysapps.com/pkkcrcapkr/public_html/wp-content/themes/homey-child/template-parts/dashboard/reservation/list.php(104): get_template_part('template-parts/...')
#5 /home/275369.cloudwaysapps.com/pkkcrcapkr/public_html/wp-includes/template.php(724): require('/home/275369.cl...')
#6 /home/275369.cloudwaysapps.com/pkkcrcapkr/public_html/wp-includes/template.php(671): load_template('/home/275369.cl...', false)
#7 /home/275369.cloudwaysapps.com/pkkcrcapkr/public_html/wp-includes/general-template.php(168): locate_template(Array, true, false)
#8 /home/275369.cloudwaysapps.com/pkkcrcapkr/public_html/wp-content/themes/homey-child/template/dashboard-reservations.php(168): get_template_part('template-parts/...')
#9 /home/275369.cloudwaysapps.com/pkkcrcapkr/public_html/wp-includes/template-loader.php(78): include('/home/275369.cl...')
#10 /home/275369.cloudwaysapps.com/pkkcrcapkr/public_html/wp-blog-header.php(19): require_once('/home/275369.cl...')
#11 /home/275369.cloudwaysapps.com/pkkcrcapkr/public_html/index.php(17): require('/home/275369.cl...')
#12 {main}  
[2019-11-06 14:28:39] lumen.ERROR: Facebook\Exceptions\FacebookSDKException: Required "app_id" key not supplied in config and could not find fallback environment variable "FACEBOOK_APP_ID" in /home/275369.cloudwaysapps.com/pkkcrcapkr/public_html/wp-content/plugins/homey-login-register/social/Facebook/Facebook.php:139
Stack trace:
#0 /home/275369.cloudwaysapps.com/pkkcrcapkr/public_html/wp-content/plugins/homey-login-register/functions/social_login.php(28): Facebook\Facebook->__construct(Array)
#1 /home/275369.cloudwaysapps.com/pkkcrcapkr/public_html/wp-includes/class-wp-hook.php(286): homey_facebook_login_oauth('')
#2 /home/275369.cloudwaysapps.com/pkkcrcapkr/public_html/wp-includes/class-wp-hook.php(310): WP_Hook->apply_filters('', Array)
#3 /home/275369.cloudwaysapps.com/pkkcrcapkr/public_html/wp-includes/plugin.php(465): WP_Hook->do_action(Array)
#4 /home/275369.cloudwaysapps.com/pkkcrcapkr/public_html/wp-admin/admin-ajax.php(188): do_action('wp_ajax_nopriv_...')
#5 {main}  
[2019-11-06 14:32:41] lumen.ERROR: ErrorException: Undefined index: start_hour in /home/275369.cloudwaysapps.com/pkkcrcapkr/public_html/wp-content/themes/homey-child/template-parts/dashboard/reservation/item.php:75
Stack trace:
#0 /home/275369.cloudwaysapps.com/pkkcrcapkr/public_html/wp-content/themes/homey-child/template-parts/dashboard/reservation/item.php(75): Laravel\Lumen\Application->Laravel\Lumen\Concerns\{closure}(8, 'Undefined index...', '/home/275369.cl...', 75, Array)
#1 /home/275369.cloudwaysapps.com/pkkcrcapkr/public_html/wp-includes/template.php(724): require('/home/275369.cl...')
#2 /home/275369.cloudwaysapps.com/pkkcrcapkr/public_html/wp-includes/template.php(671): load_template('/home/275369.cl...', false)
#3 /home/275369.cloudwaysapps.com/pkkcrcapkr/public_html/wp-includes/general-template.php(168): locate_template(Array, true, false)
#4 /home/275369.cloudwaysapps.com/pkkcrcapkr/public_html/wp-content/themes/homey-child/template-parts/dashboard/reservation/list.php(104): get_template_part('template-parts/...')
#5 /home/275369.cloudwaysapps.com/pkkcrcapkr/public_html/wp-includes/template.php(724): require('/home/275369.cl...')
#6 /home/275369.cloudwaysapps.com/pkkcrcapkr/public_html/wp-includes/template.php(671): load_template('/home/275369.cl...', false)
#7 /home/275369.cloudwaysapps.com/pkkcrcapkr/public_html/wp-includes/general-template.php(168): locate_template(Array, true, false)
#8 /home/275369.cloudwaysapps.com/pkkcrcapkr/public_html/wp-content/themes/homey-child/template/dashboard-reservations.php(168): get_template_part('template-parts/...')
#9 /home/275369.cloudwaysapps.com/pkkcrcapkr/public_html/wp-includes/template-loader.php(78): include('/home/275369.cl...')
#10 /home/275369.cloudwaysapps.com/pkkcrcapkr/public_html/wp-blog-header.php(19): require_once('/home/275369.cl...')
#11 /home/275369.cloudwaysapps.com/pkkcrcapkr/public_html/index.php(17): require('/home/275369.cl...')
#12 {main}  
[2019-11-06 14:33:05] lumen.ERROR: ErrorException: Undefined index: start_hour in /home/275369.cloudwaysapps.com/pkkcrcapkr/public_html/wp-content/themes/homey-child/template-parts/dashboard/reservation/item.php:75
Stack trace:
#0 /home/275369.cloudwaysapps.com/pkkcrcapkr/public_html/wp-content/themes/homey-child/template-parts/dashboard/reservation/item.php(75): Laravel\Lumen\Application->Laravel\Lumen\Concerns\{closure}(8, 'Undefined index...', '/home/275369.cl...', 75, Array)
#1 /home/275369.cloudwaysapps.com/pkkcrcapkr/public_html/wp-includes/template.php(724): require('/home/275369.cl...')
#2 /home/275369.cloudwaysapps.com/pkkcrcapkr/public_html/wp-includes/template.php(671): load_template('/home/275369.cl...', false)
#3 /home/275369.cloudwaysapps.com/pkkcrcapkr/public_html/wp-includes/general-template.php(168): locate_template(Array, true, false)
#4 /home/275369.cloudwaysapps.com/pkkcrcapkr/public_html/wp-content/themes/homey-child/template-parts/dashboard/reservation/list.php(104): get_template_part('template-parts/...')
#5 /home/275369.cloudwaysapps.com/pkkcrcapkr/public_html/wp-includes/template.php(724): require('/home/275369.cl...')
#6 /home/275369.cloudwaysapps.com/pkkcrcapkr/public_html/wp-includes/template.php(671): load_template('/home/275369.cl...', false)
#7 /home/275369.cloudwaysapps.com/pkkcrcapkr/public_html/wp-includes/general-template.php(168): locate_template(Array, true, false)
#8 /home/275369.cloudwaysapps.com/pkkcrcapkr/public_html/wp-content/themes/homey-child/template/dashboard-reservations.php(168): get_template_part('template-parts/...')
#9 /home/275369.cloudwaysapps.com/pkkcrcapkr/public_html/wp-includes/template-loader.php(78): include('/home/275369.cl...')
#10 /home/275369.cloudwaysapps.com/pkkcrcapkr/public_html/wp-blog-header.php(19): require_once('/home/275369.cl...')
#11 /home/275369.cloudwaysapps.com/pkkcrcapkr/public_html/index.php(17): require('/home/275369.cl...')
#12 {main}  
[2019-11-06 14:34:36] lumen.ERROR: ErrorException: Undefined index: start_hour in /home/275369.cloudwaysapps.com/pkkcrcapkr/public_html/wp-content/themes/homey-child/template-parts/dashboard/reservation/item.php:75
Stack trace:
#0 /home/275369.cloudwaysapps.com/pkkcrcapkr/public_html/wp-content/themes/homey-child/template-parts/dashboard/reservation/item.php(75): Laravel\Lumen\Application->Laravel\Lumen\Concerns\{closure}(8, 'Undefined index...', '/home/275369.cl...', 75, Array)
#1 /home/275369.cloudwaysapps.com/pkkcrcapkr/public_html/wp-includes/template.php(724): require('/home/275369.cl...')
#2 /home/275369.cloudwaysapps.com/pkkcrcapkr/public_html/wp-includes/template.php(671): load_template('/home/275369.cl...', false)
#3 /home/275369.cloudwaysapps.com/pkkcrcapkr/public_html/wp-includes/general-template.php(168): locate_template(Array, true, false)
#4 /home/275369.cloudwaysapps.com/pkkcrcapkr/public_html/wp-content/themes/homey-child/template-parts/dashboard/reservation/list.php(104): get_template_part('template-parts/...')
#5 /home/275369.cloudwaysapps.com/pkkcrcapkr/public_html/wp-includes/template.php(724): require('/home/275369.cl...')
#6 /home/275369.cloudwaysapps.com/pkkcrcapkr/public_html/wp-includes/template.php(671): load_template('/home/275369.cl...', false)
#7 /home/275369.cloudwaysapps.com/pkkcrcapkr/public_html/wp-includes/general-template.php(168): locate_template(Array, true, false)
#8 /home/275369.cloudwaysapps.com/pkkcrcapkr/public_html/wp-content/themes/homey-child/template/dashboard-reservations.php(168): get_template_part('template-parts/...')
#9 /home/275369.cloudwaysapps.com/pkkcrcapkr/public_html/wp-includes/template-loader.php(78): include('/home/275369.cl...')
#10 /home/275369.cloudwaysapps.com/pkkcrcapkr/public_html/wp-blog-header.php(19): require_once('/home/275369.cl...')
#11 /home/275369.cloudwaysapps.com/pkkcrcapkr/public_html/index.php(17): require('/home/275369.cl...')
#12 {main}  
[2019-11-06 14:37:33] lumen.ERROR: ErrorException: Undefined index: start_hour in /home/275369.cloudwaysapps.com/pkkcrcapkr/public_html/wp-content/themes/homey-child/template-parts/dashboard/reservation/item.php:75
Stack trace:
#0 /home/275369.cloudwaysapps.com/pkkcrcapkr/public_html/wp-content/themes/homey-child/template-parts/dashboard/reservation/item.php(75): Laravel\Lumen\Application->Laravel\Lumen\Concerns\{closure}(8, 'Undefined index...', '/home/275369.cl...', 75, Array)
#1 /home/275369.cloudwaysapps.com/pkkcrcapkr/public_html/wp-includes/template.php(724): require('/home/275369.cl...')
#2 /home/275369.cloudwaysapps.com/pkkcrcapkr/public_html/wp-includes/template.php(671): load_template('/home/275369.cl...', false)
#3 /home/275369.cloudwaysapps.com/pkkcrcapkr/public_html/wp-includes/general-template.php(168): locate_template(Array, true, false)
#4 /home/275369.cloudwaysapps.com/pkkcrcapkr/public_html/wp-content/themes/homey-child/template-parts/dashboard/reservation/list.php(104): get_template_part('template-parts/...')
#5 /home/275369.cloudwaysapps.com/pkkcrcapkr/public_html/wp-includes/template.php(724): require('/home/275369.cl...')
#6 /home/275369.cloudwaysapps.com/pkkcrcapkr/public_html/wp-includes/template.php(671): load_template('/home/275369.cl...', false)
#7 /home/275369.cloudwaysapps.com/pkkcrcapkr/public_html/wp-includes/general-template.php(168): locate_template(Array, true, false)
#8 /home/275369.cloudwaysapps.com/pkkcrcapkr/public_html/wp-content/themes/homey-child/template/dashboard-reservations.php(168): get_template_part('template-parts/...')
#9 /home/275369.cloudwaysapps.com/pkkcrcapkr/public_html/wp-includes/template-loader.php(78): include('/home/275369.cl...')
#10 /home/275369.cloudwaysapps.com/pkkcrcapkr/public_html/wp-blog-header.php(19): require_once('/home/275369.cl...')
#11 /home/275369.cloudwaysapps.com/pkkcrcapkr/public_html/index.php(17): require('/home/275369.cl...')
#12 {main}  
[2019-11-08 09:48:06] lumen.ERROR: Facebook\Exceptions\FacebookSDKException: Required "app_id" key not supplied in config and could not find fallback environment variable "FACEBOOK_APP_ID" in /home/275369.cloudwaysapps.com/pkkcrcapkr/public_html/wp-content/plugins/homey-login-register/social/Facebook/Facebook.php:139
Stack trace:
#0 /home/275369.cloudwaysapps.com/pkkcrcapkr/public_html/wp-content/plugins/homey-login-register/functions/social_login.php(28): Facebook\Facebook->__construct(Array)
#1 /home/275369.cloudwaysapps.com/pkkcrcapkr/public_html/wp-includes/class-wp-hook.php(286): homey_facebook_login_oauth('')
#2 /home/275369.cloudwaysapps.com/pkkcrcapkr/public_html/wp-includes/class-wp-hook.php(310): WP_Hook->apply_filters('', Array)
#3 /home/275369.cloudwaysapps.com/pkkcrcapkr/public_html/wp-includes/plugin.php(465): WP_Hook->do_action(Array)
#4 /home/275369.cloudwaysapps.com/pkkcrcapkr/public_html/wp-admin/admin-ajax.php(188): do_action('wp_ajax_nopriv_...')
#5 {main}  
[2019-11-08 13:49:12] lumen.ERROR: ErrorException: Trying to get property of non-object in /home/275369.cloudwaysapps.com/pkkcrcapkr/public_html/wp-content/themes/homey/template-parts/search/search-calendar.php:51
Stack trace:
#0 /home/275369.cloudwaysapps.com/pkkcrcapkr/public_html/wp-content/themes/homey/template-parts/search/search-calendar.php(51): Laravel\Lumen\Application->Laravel\Lumen\Concerns\{closure}(8, 'Trying to get p...', '/home/275369.cl...', 51, Array)
#1 /home/275369.cloudwaysapps.com/pkkcrcapkr/public_html/wp-content/themes/homey/template-parts/search/search-calendar.php(16): homeySearchGenerateMonth(1, 1572566400, '11', '2019')
#2 /home/275369.cloudwaysapps.com/pkkcrcapkr/public_html/wp-content/themes/homey/template-parts/search/search-calendar.php(187): homeySearchCalendar()
#3 /home/275369.cloudwaysapps.com/pkkcrcapkr/public_html/wp-includes/template.php(724): require('/home/275369.cl...')
#4 /home/275369.cloudwaysapps.com/pkkcrcapkr/public_html/wp-includes/template.php(671): load_template('/home/275369.cl...', false)
#5 /home/275369.cloudwaysapps.com/pkkcrcapkr/public_html/wp-includes/general-template.php(168): locate_template(Array, true, false)
#6 /home/275369.cloudwaysapps.com/pkkcrcapkr/public_html/wp-content/themes/homey/template-parts/search/overlay-mobile-search-hourly.php(199): get_template_part('template-parts/...')
#7 /home/275369.cloudwaysapps.com/pkkcrcapkr/public_html/wp-includes/template.php(724): require('/home/275369.cl...')
#8 /home/275369.cloudwaysapps.com/pkkcrcapkr/public_html/wp-includes/template.php(671): load_template('/home/275369.cl...', false)
#9 /home/275369.cloudwaysapps.com/pkkcrcapkr/public_html/wp-includes/general-template.php(168): locate_template(Array, true, false)
#10 /home/275369.cloudwaysapps.com/pkkcrcapkr/public_html/wp-content/themes/homey/template-parts/search/overlay-mobile-search.php(6): get_template_part('template-parts/...', 'hourly')
#11 /home/275369.cloudwaysapps.com/pkkcrcapkr/public_html/wp-includes/template.php(724): require('/home/275369.cl...')
#12 /home/275369.cloudwaysapps.com/pkkcrcapkr/public_html/wp-includes/template.php(671): load_template('/home/275369.cl...', false)
#13 /home/275369.cloudwaysapps.com/pkkcrcapkr/public_html/wp-includes/general-template.php(168): locate_template(Array, true, false)
#14 /home/275369.cloudwaysapps.com/pkkcrcapkr/public_html/wp-content/themes/homey/footer.php(20): get_template_part('template-parts/...')
#15 /home/275369.cloudwaysapps.com/pkkcrcapkr/public_html/wp-includes/template.php(722): require_once('/home/275369.cl...')
#16 /home/275369.cloudwaysapps.com/pkkcrcapkr/public_html/wp-includes/template.php(671): load_template('/home/275369.cl...', true)
#17 /home/275369.cloudwaysapps.com/pkkcrcapkr/public_html/wp-includes/general-template.php(76): locate_template(Array, true)
#18 /home/275369.cloudwaysapps.com/pkkcrcapkr/public_html/wp-content/themes/homey/author.php(13): get_footer()
#19 /home/275369.cloudwaysapps.com/pkkcrcapkr/public_html/wp-includes/template-loader.php(78): include('/home/275369.cl...')
#20 /home/275369.cloudwaysapps.com/pkkcrcapkr/public_html/wp-blog-header.php(19): require_once('/home/275369.cl...')
#21 /home/275369.cloudwaysapps.com/pkkcrcapkr/public_html/index.php(17): require('/home/275369.cl...')
#22 {main}  
[2019-11-11 08:29:15] lumen.ERROR: ErrorException: Illegal string offset 'no_of_days' in /home/275369.cloudwaysapps.com/pkkcrcapkr/public_html/wp-content/plugins/homey-core/includes/metaboxes.php:173
Stack trace:
#0 /home/275369.cloudwaysapps.com/pkkcrcapkr/public_html/wp-content/plugins/homey-core/includes/metaboxes.php(173): Laravel\Lumen\Application->Laravel\Lumen\Concerns\{closure}(2, 'Illegal string ...', '/home/275369.cl...', 173, Array)
#1 /home/275369.cloudwaysapps.com/pkkcrcapkr/public_html/wp-admin/includes/template.php(1310): homey_reservation_meta(Object(WP_Post), Array)
#2 /home/275369.cloudwaysapps.com/pkkcrcapkr/public_html/wp-admin/edit-form-advanced.php(642): do_meta_boxes(Object(WP_Screen), 'normal', Object(WP_Post))
#3 /home/275369.cloudwaysapps.com/pkkcrcapkr/public_html/wp-admin/post-new.php(75): include('/home/275369.cl...')
#4 {main}  
[2019-11-11 08:30:14] lumen.ERROR: ErrorException: Trying to get property of non-object in /home/275369.cloudwaysapps.com/pkkcrcapkr/public_html/wp-content/themes/homey/template-parts/search/search-calendar.php:51
Stack trace:
#0 /home/275369.cloudwaysapps.com/pkkcrcapkr/public_html/wp-content/themes/homey/template-parts/search/search-calendar.php(51): Laravel\Lumen\Application->Laravel\Lumen\Concerns\{closure}(8, 'Trying to get p...', '/home/275369.cl...', 51, Array)
#1 /home/275369.cloudwaysapps.com/pkkcrcapkr/public_html/wp-content/themes/homey/template-parts/search/search-calendar.php(16): homeySearchGenerateMonth(1, 1572566400, '11', '2019')
#2 /home/275369.cloudwaysapps.com/pkkcrcapkr/public_html/wp-content/themes/homey/template-parts/search/search-calendar.php(187): homeySearchCalendar()
#3 /home/275369.cloudwaysapps.com/pkkcrcapkr/public_html/wp-includes/template.php(724): require('/home/275369.cl...')
#4 /home/275369.cloudwaysapps.com/pkkcrcapkr/public_html/wp-includes/template.php(671): load_template('/home/275369.cl...', false)
#5 /home/275369.cloudwaysapps.com/pkkcrcapkr/public_html/wp-includes/general-template.php(168): locate_template(Array, true, false)
#6 /home/275369.cloudwaysapps.com/pkkcrcapkr/public_html/wp-content/themes/homey/template-parts/search/overlay-mobile-search-hourly.php(199): get_template_part('template-parts/...')
#7 /home/275369.cloudwaysapps.com/pkkcrcapkr/public_html/wp-includes/template.php(724): require('/home/275369.cl...')
#8 /home/275369.cloudwaysapps.com/pkkcrcapkr/public_html/wp-includes/template.php(671): load_template('/home/275369.cl...', false)
#9 /home/275369.cloudwaysapps.com/pkkcrcapkr/public_html/wp-includes/general-template.php(168): locate_template(Array, true, false)
#10 /home/275369.cloudwaysapps.com/pkkcrcapkr/public_html/wp-content/themes/homey/template-parts/search/overlay-mobile-search.php(6): get_template_part('template-parts/...', 'hourly')
#11 /home/275369.cloudwaysapps.com/pkkcrcapkr/public_html/wp-includes/template.php(724): require('/home/275369.cl...')
#12 /home/275369.cloudwaysapps.com/pkkcrcapkr/public_html/wp-includes/template.php(671): load_template('/home/275369.cl...', false)
#13 /home/275369.cloudwaysapps.com/pkkcrcapkr/public_html/wp-includes/general-template.php(168): locate_template(Array, true, false)
#14 /home/275369.cloudwaysapps.com/pkkcrcapkr/public_html/wp-content/themes/homey/footer.php(20): get_template_part('template-parts/...')
#15 /home/275369.cloudwaysapps.com/pkkcrcapkr/public_html/wp-includes/template.php(722): require_once('/home/275369.cl...')
#16 /home/275369.cloudwaysapps.com/pkkcrcapkr/public_html/wp-includes/template.php(671): load_template('/home/275369.cl...', true)
#17 /home/275369.cloudwaysapps.com/pkkcrcapkr/public_html/wp-includes/general-template.php(76): locate_template(Array, true)
#18 /home/275369.cloudwaysapps.com/pkkcrcapkr/public_html/wp-content/themes/homey/404.php(35): get_footer()
#19 /home/275369.cloudwaysapps.com/pkkcrcapkr/public_html/wp-includes/template-loader.php(78): include('/home/275369.cl...')
#20 /home/275369.cloudwaysapps.com/pkkcrcapkr/public_html/wp-blog-header.php(19): require_once('/home/275369.cl...')
#21 /home/275369.cloudwaysapps.com/pkkcrcapkr/public_html/index.php(17): require('/home/275369.cl...')
#22 {main}  
[2019-11-15 16:08:24] lumen.ERROR: ErrorException: Undefined index: start_hour in /home/275369.cloudwaysapps.com/pkkcrcapkr/public_html/wp-content/themes/homey-child/template-parts/dashboard/reservation/item.php:75
Stack trace:
#0 /home/275369.cloudwaysapps.com/pkkcrcapkr/public_html/wp-content/themes/homey-child/template-parts/dashboard/reservation/item.php(75): Laravel\Lumen\Application->Laravel\Lumen\Concerns\{closure}(8, 'Undefined index...', '/home/275369.cl...', 75, Array)
#1 /home/275369.cloudwaysapps.com/pkkcrcapkr/public_html/wp-includes/template.php(724): require('/home/275369.cl...')
#2 /home/275369.cloudwaysapps.com/pkkcrcapkr/public_html/wp-includes/template.php(671): load_template('/home/275369.cl...', false)
#3 /home/275369.cloudwaysapps.com/pkkcrcapkr/public_html/wp-includes/general-template.php(168): locate_template(Array, true, false)
#4 /home/275369.cloudwaysapps.com/pkkcrcapkr/public_html/wp-content/themes/homey-child/template-parts/dashboard/reservation/list.php(104): get_template_part('template-parts/...')
#5 /home/275369.cloudwaysapps.com/pkkcrcapkr/public_html/wp-includes/template.php(724): require('/home/275369.cl...')
#6 /home/275369.cloudwaysapps.com/pkkcrcapkr/public_html/wp-includes/template.php(671): load_template('/home/275369.cl...', false)
#7 /home/275369.cloudwaysapps.com/pkkcrcapkr/public_html/wp-includes/general-template.php(168): locate_template(Array, true, false)
#8 /home/275369.cloudwaysapps.com/pkkcrcapkr/public_html/wp-content/themes/homey-child/template/dashboard-reservations.php(168): get_template_part('template-parts/...')
#9 /home/275369.cloudwaysapps.com/pkkcrcapkr/public_html/wp-includes/template-loader.php(78): include('/home/275369.cl...')
#10 /home/275369.cloudwaysapps.com/pkkcrcapkr/public_html/wp-blog-header.php(19): require_once('/home/275369.cl...')
#11 /home/275369.cloudwaysapps.com/pkkcrcapkr/public_html/index.php(17): require('/home/275369.cl...')
#12 {main}  
[2019-11-15 16:09:02] lumen.ERROR: ErrorException: Undefined index: start_hour in /home/275369.cloudwaysapps.com/pkkcrcapkr/public_html/wp-content/themes/homey-child/template-parts/dashboard/reservation/item.php:75
Stack trace:
#0 /home/275369.cloudwaysapps.com/pkkcrcapkr/public_html/wp-content/themes/homey-child/template-parts/dashboard/reservation/item.php(75): Laravel\Lumen\Application->Laravel\Lumen\Concerns\{closure}(8, 'Undefined index...', '/home/275369.cl...', 75, Array)
#1 /home/275369.cloudwaysapps.com/pkkcrcapkr/public_html/wp-includes/template.php(724): require('/home/275369.cl...')
#2 /home/275369.cloudwaysapps.com/pkkcrcapkr/public_html/wp-includes/template.php(671): load_template('/home/275369.cl...', false)
#3 /home/275369.cloudwaysapps.com/pkkcrcapkr/public_html/wp-includes/general-template.php(168): locate_template(Array, true, false)
#4 /home/275369.cloudwaysapps.com/pkkcrcapkr/public_html/wp-content/themes/homey-child/template-parts/dashboard/reservation/list.php(104): get_template_part('template-parts/...')
#5 /home/275369.cloudwaysapps.com/pkkcrcapkr/public_html/wp-includes/template.php(724): require('/home/275369.cl...')
#6 /home/275369.cloudwaysapps.com/pkkcrcapkr/public_html/wp-includes/template.php(671): load_template('/home/275369.cl...', false)
#7 /home/275369.cloudwaysapps.com/pkkcrcapkr/public_html/wp-includes/general-template.php(168): locate_template(Array, true, false)
#8 /home/275369.cloudwaysapps.com/pkkcrcapkr/public_html/wp-content/themes/homey-child/template/dashboard-reservations.php(168): get_template_part('template-parts/...')
#9 /home/275369.cloudwaysapps.com/pkkcrcapkr/public_html/wp-includes/template-loader.php(78): include('/home/275369.cl...')
#10 /home/275369.cloudwaysapps.com/pkkcrcapkr/public_html/wp-blog-header.php(19): require_once('/home/275369.cl...')
#11 /home/275369.cloudwaysapps.com/pkkcrcapkr/public_html/index.php(17): require('/home/275369.cl...')
#12 {main}  
[2019-11-20 11:31:50] lumen.ERROR: ErrorException: Trying to get property of non-object in /home/275369.cloudwaysapps.com/pkkcrcapkr/public_html/wp-content/themes/homey/template-parts/search/search-calendar.php:51
Stack trace:
#0 /home/275369.cloudwaysapps.com/pkkcrcapkr/public_html/wp-content/themes/homey/template-parts/search/search-calendar.php(51): Laravel\Lumen\Application->Laravel\Lumen\Concerns\{closure}(8, 'Trying to get p...', '/home/275369.cl...', 51, Array)
#1 /home/275369.cloudwaysapps.com/pkkcrcapkr/public_html/wp-content/themes/homey/template-parts/search/search-calendar.php(16): homeySearchGenerateMonth(1, 1572566400, '11', '2019')
#2 /home/275369.cloudwaysapps.com/pkkcrcapkr/public_html/wp-content/themes/homey/template-parts/search/search-calendar.php(187): homeySearchCalendar()
#3 /home/275369.cloudwaysapps.com/pkkcrcapkr/public_html/wp-includes/template.php(724): require('/home/275369.cl...')
#4 /home/275369.cloudwaysapps.com/pkkcrcapkr/public_html/wp-includes/template.php(671): load_template('/home/275369.cl...', false)
#5 /home/275369.cloudwaysapps.com/pkkcrcapkr/public_html/wp-includes/general-template.php(168): locate_template(Array, true, false)
#6 /home/275369.cloudwaysapps.com/pkkcrcapkr/public_html/wp-content/themes/homey/template-parts/search/overlay-mobile-search-hourly.php(199): get_template_part('template-parts/...')
#7 /home/275369.cloudwaysapps.com/pkkcrcapkr/public_html/wp-includes/template.php(724): require('/home/275369.cl...')
#8 /home/275369.cloudwaysapps.com/pkkcrcapkr/public_html/wp-includes/template.php(671): load_template('/home/275369.cl...', false)
#9 /home/275369.cloudwaysapps.com/pkkcrcapkr/public_html/wp-includes/general-template.php(168): locate_template(Array, true, false)
#10 /home/275369.cloudwaysapps.com/pkkcrcapkr/public_html/wp-content/themes/homey/template-parts/search/overlay-mobile-search.php(6): get_template_part('template-parts/...', 'hourly')
#11 /home/275369.cloudwaysapps.com/pkkcrcapkr/public_html/wp-includes/template.php(724): require('/home/275369.cl...')
#12 /home/275369.cloudwaysapps.com/pkkcrcapkr/public_html/wp-includes/template.php(671): load_template('/home/275369.cl...', false)
#13 /home/275369.cloudwaysapps.com/pkkcrcapkr/public_html/wp-includes/general-template.php(168): locate_template(Array, true, false)
#14 /home/275369.cloudwaysapps.com/pkkcrcapkr/public_html/wp-content/themes/homey/footer.php(20): get_template_part('template-parts/...')
#15 /home/275369.cloudwaysapps.com/pkkcrcapkr/public_html/wp-includes/template.php(722): require_once('/home/275369.cl...')
#16 /home/275369.cloudwaysapps.com/pkkcrcapkr/public_html/wp-includes/template.php(671): load_template('/home/275369.cl...', true)
#17 /home/275369.cloudwaysapps.com/pkkcrcapkr/public_html/wp-includes/general-template.php(76): locate_template(Array, true)
#18 /home/275369.cloudwaysapps.com/pkkcrcapkr/public_html/wp-content/themes/homey/404.php(35): get_footer()
#19 /home/275369.cloudwaysapps.com/pkkcrcapkr/public_html/wp-includes/template-loader.php(78): include('/home/275369.cl...')
#20 /home/275369.cloudwaysapps.com/pkkcrcapkr/public_html/wp-blog-header.php(19): require_once('/home/275369.cl...')
#21 /home/275369.cloudwaysapps.com/pkkcrcapkr/public_html/index.php(17): require('/home/275369.cl...')
#22 {main}  
[2019-11-20 11:32:25] lumen.ERROR: ErrorException: Trying to get property of non-object in /home/275369.cloudwaysapps.com/pkkcrcapkr/public_html/wp-content/themes/homey/template-parts/search/search-calendar.php:51
Stack trace:
#0 /home/275369.cloudwaysapps.com/pkkcrcapkr/public_html/wp-content/themes/homey/template-parts/search/search-calendar.php(51): Laravel\Lumen\Application->Laravel\Lumen\Concerns\{closure}(8, 'Trying to get p...', '/home/275369.cl...', 51, Array)
#1 /home/275369.cloudwaysapps.com/pkkcrcapkr/public_html/wp-content/themes/homey/template-parts/search/search-calendar.php(16): homeySearchGenerateMonth(1, 1572566400, '11', '2019')
#2 /home/275369.cloudwaysapps.com/pkkcrcapkr/public_html/wp-content/themes/homey/template-parts/search/search-calendar.php(187): homeySearchCalendar()
#3 /home/275369.cloudwaysapps.com/pkkcrcapkr/public_html/wp-includes/template.php(724): require('/home/275369.cl...')
#4 /home/275369.cloudwaysapps.com/pkkcrcapkr/public_html/wp-includes/template.php(671): load_template('/home/275369.cl...', false)
#5 /home/275369.cloudwaysapps.com/pkkcrcapkr/public_html/wp-includes/general-template.php(168): locate_template(Array, true, false)
#6 /home/275369.cloudwaysapps.com/pkkcrcapkr/public_html/wp-content/themes/homey/template-parts/search/overlay-mobile-search-hourly.php(199): get_template_part('template-parts/...')
#7 /home/275369.cloudwaysapps.com/pkkcrcapkr/public_html/wp-includes/template.php(724): require('/home/275369.cl...')
#8 /home/275369.cloudwaysapps.com/pkkcrcapkr/public_html/wp-includes/template.php(671): load_template('/home/275369.cl...', false)
#9 /home/275369.cloudwaysapps.com/pkkcrcapkr/public_html/wp-includes/general-template.php(168): locate_template(Array, true, false)
#10 /home/275369.cloudwaysapps.com/pkkcrcapkr/public_html/wp-content/themes/homey/template-parts/search/overlay-mobile-search.php(6): get_template_part('template-parts/...', 'hourly')
#11 /home/275369.cloudwaysapps.com/pkkcrcapkr/public_html/wp-includes/template.php(724): require('/home/275369.cl...')
#12 /home/275369.cloudwaysapps.com/pkkcrcapkr/public_html/wp-includes/template.php(671): load_template('/home/275369.cl...', false)
#13 /home/275369.cloudwaysapps.com/pkkcrcapkr/public_html/wp-includes/general-template.php(168): locate_template(Array, true, false)
#14 /home/275369.cloudwaysapps.com/pkkcrcapkr/public_html/wp-content/themes/homey/footer.php(20): get_template_part('template-parts/...')
#15 /home/275369.cloudwaysapps.com/pkkcrcapkr/public_html/wp-includes/template.php(722): require_once('/home/275369.cl...')
#16 /home/275369.cloudwaysapps.com/pkkcrcapkr/public_html/wp-includes/template.php(671): load_template('/home/275369.cl...', true)
#17 /home/275369.cloudwaysapps.com/pkkcrcapkr/public_html/wp-includes/general-template.php(76): locate_template(Array, true)
#18 /home/275369.cloudwaysapps.com/pkkcrcapkr/public_html/wp-content/themes/homey/404.php(35): get_footer()
#19 /home/275369.cloudwaysapps.com/pkkcrcapkr/public_html/wp-includes/template-loader.php(78): include('/home/275369.cl...')
#20 /home/275369.cloudwaysapps.com/pkkcrcapkr/public_html/wp-blog-header.php(19): require_once('/home/275369.cl...')
#21 /home/275369.cloudwaysapps.com/pkkcrcapkr/public_html/index.php(17): require('/home/275369.cl...')
#22 {main}  
[2019-11-20 11:36:47] lumen.ERROR: ErrorException: Trying to get property of non-object in /home/275369.cloudwaysapps.com/pkkcrcapkr/public_html/wp-content/themes/homey/template-parts/search/search-calendar.php:51
Stack trace:
#0 /home/275369.cloudwaysapps.com/pkkcrcapkr/public_html/wp-content/themes/homey/template-parts/search/search-calendar.php(51): Laravel\Lumen\Application->Laravel\Lumen\Concerns\{closure}(8, 'Trying to get p...', '/home/275369.cl...', 51, Array)
#1 /home/275369.cloudwaysapps.com/pkkcrcapkr/public_html/wp-content/themes/homey/template-parts/search/search-calendar.php(16): homeySearchGenerateMonth(1, 1572566400, '11', '2019')
#2 /home/275369.cloudwaysapps.com/pkkcrcapkr/public_html/wp-content/themes/homey/template-parts/search/search-calendar.php(187): homeySearchCalendar()
#3 /home/275369.cloudwaysapps.com/pkkcrcapkr/public_html/wp-includes/template.php(724): require('/home/275369.cl...')
#4 /home/275369.cloudwaysapps.com/pkkcrcapkr/public_html/wp-includes/template.php(671): load_template('/home/275369.cl...', false)
#5 /home/275369.cloudwaysapps.com/pkkcrcapkr/public_html/wp-includes/general-template.php(168): locate_template(Array, true, false)
#6 /home/275369.cloudwaysapps.com/pkkcrcapkr/public_html/wp-content/themes/homey/template-parts/search/overlay-mobile-search-hourly.php(199): get_template_part('template-parts/...')
#7 /home/275369.cloudwaysapps.com/pkkcrcapkr/public_html/wp-includes/template.php(724): require('/home/275369.cl...')
#8 /home/275369.cloudwaysapps.com/pkkcrcapkr/public_html/wp-includes/template.php(671): load_template('/home/275369.cl...', false)
#9 /home/275369.cloudwaysapps.com/pkkcrcapkr/public_html/wp-includes/general-template.php(168): locate_template(Array, true, false)
#10 /home/275369.cloudwaysapps.com/pkkcrcapkr/public_html/wp-content/themes/homey/template-parts/search/overlay-mobile-search.php(6): get_template_part('template-parts/...', 'hourly')
#11 /home/275369.cloudwaysapps.com/pkkcrcapkr/public_html/wp-includes/template.php(724): require('/home/275369.cl...')
#12 /home/275369.cloudwaysapps.com/pkkcrcapkr/public_html/wp-includes/template.php(671): load_template('/home/275369.cl...', false)
#13 /home/275369.cloudwaysapps.com/pkkcrcapkr/public_html/wp-includes/general-template.php(168): locate_template(Array, true, false)
#14 /home/275369.cloudwaysapps.com/pkkcrcapkr/public_html/wp-content/themes/homey/footer.php(20): get_template_part('template-parts/...')
#15 /home/275369.cloudwaysapps.com/pkkcrcapkr/public_html/wp-includes/template.php(722): require_once('/home/275369.cl...')
#16 /home/275369.cloudwaysapps.com/pkkcrcapkr/public_html/wp-includes/template.php(671): load_template('/home/275369.cl...', true)
#17 /home/275369.cloudwaysapps.com/pkkcrcapkr/public_html/wp-includes/general-template.php(76): locate_template(Array, true)
#18 /home/275369.cloudwaysapps.com/pkkcrcapkr/public_html/wp-content/themes/homey/404.php(35): get_footer()
#19 /home/275369.cloudwaysapps.com/pkkcrcapkr/public_html/wp-includes/template-loader.php(78): include('/home/275369.cl...')
#20 /home/275369.cloudwaysapps.com/pkkcrcapkr/public_html/wp-blog-header.php(19): require_once('/home/275369.cl...')
#21 /home/275369.cloudwaysapps.com/pkkcrcapkr/public_html/index.php(17): require('/home/275369.cl...')
#22 {main}  
[2019-11-20 11:37:05] lumen.ERROR: ErrorException: Trying to get property of non-object in /home/275369.cloudwaysapps.com/pkkcrcapkr/public_html/wp-content/themes/homey/template-parts/search/search-calendar.php:51
Stack trace:
#0 /home/275369.cloudwaysapps.com/pkkcrcapkr/public_html/wp-content/themes/homey/template-parts/search/search-calendar.php(51): Laravel\Lumen\Application->Laravel\Lumen\Concerns\{closure}(8, 'Trying to get p...', '/home/275369.cl...', 51, Array)
#1 /home/275369.cloudwaysapps.com/pkkcrcapkr/public_html/wp-content/themes/homey/template-parts/search/search-calendar.php(16): homeySearchGenerateMonth(1, 1572566400, '11', '2019')
#2 /home/275369.cloudwaysapps.com/pkkcrcapkr/public_html/wp-content/themes/homey/template-parts/search/search-calendar.php(187): homeySearchCalendar()
#3 /home/275369.cloudwaysapps.com/pkkcrcapkr/public_html/wp-includes/template.php(724): require('/home/275369.cl...')
#4 /home/275369.cloudwaysapps.com/pkkcrcapkr/public_html/wp-includes/template.php(671): load_template('/home/275369.cl...', false)
#5 /home/275369.cloudwaysapps.com/pkkcrcapkr/public_html/wp-includes/general-template.php(168): locate_template(Array, true, false)
#6 /home/275369.cloudwaysapps.com/pkkcrcapkr/public_html/wp-content/themes/homey/template-parts/search/overlay-mobile-search-hourly.php(199): get_template_part('template-parts/...')
#7 /home/275369.cloudwaysapps.com/pkkcrcapkr/public_html/wp-includes/template.php(724): require('/home/275369.cl...')
#8 /home/275369.cloudwaysapps.com/pkkcrcapkr/public_html/wp-includes/template.php(671): load_template('/home/275369.cl...', false)
#9 /home/275369.cloudwaysapps.com/pkkcrcapkr/public_html/wp-includes/general-template.php(168): locate_template(Array, true, false)
#10 /home/275369.cloudwaysapps.com/pkkcrcapkr/public_html/wp-content/themes/homey/template-parts/search/overlay-mobile-search.php(6): get_template_part('template-parts/...', 'hourly')
#11 /home/275369.cloudwaysapps.com/pkkcrcapkr/public_html/wp-includes/template.php(724): require('/home/275369.cl...')
#12 /home/275369.cloudwaysapps.com/pkkcrcapkr/public_html/wp-includes/template.php(671): load_template('/home/275369.cl...', false)
#13 /home/275369.cloudwaysapps.com/pkkcrcapkr/public_html/wp-includes/general-template.php(168): locate_template(Array, true, false)
#14 /home/275369.cloudwaysapps.com/pkkcrcapkr/public_html/wp-content/themes/homey/footer.php(20): get_template_part('template-parts/...')
#15 /home/275369.cloudwaysapps.com/pkkcrcapkr/public_html/wp-includes/template.php(722): require_once('/home/275369.cl...')
#16 /home/275369.cloudwaysapps.com/pkkcrcapkr/public_html/wp-includes/template.php(671): load_template('/home/275369.cl...', true)
#17 /home/275369.cloudwaysapps.com/pkkcrcapkr/public_html/wp-includes/general-template.php(76): locate_template(Array, true)
#18 /home/275369.cloudwaysapps.com/pkkcrcapkr/public_html/wp-content/themes/homey/404.php(35): get_footer()
#19 /home/275369.cloudwaysapps.com/pkkcrcapkr/public_html/wp-includes/template-loader.php(78): include('/home/275369.cl...')
#20 /home/275369.cloudwaysapps.com/pkkcrcapkr/public_html/wp-blog-header.php(19): require_once('/home/275369.cl...')
#21 /home/275369.cloudwaysapps.com/pkkcrcapkr/public_html/index.php(17): require('/home/275369.cl...')
#22 {main}  
[2019-11-20 11:41:21] lumen.ERROR: ErrorException: Trying to get property of non-object in /home/275369.cloudwaysapps.com/pkkcrcapkr/public_html/wp-content/themes/homey/template-parts/search/search-calendar.php:51
Stack trace:
#0 /home/275369.cloudwaysapps.com/pkkcrcapkr/public_html/wp-content/themes/homey/template-parts/search/search-calendar.php(51): Laravel\Lumen\Application->Laravel\Lumen\Concerns\{closure}(8, 'Trying to get p...', '/home/275369.cl...', 51, Array)
#1 /home/275369.cloudwaysapps.com/pkkcrcapkr/public_html/wp-content/themes/homey/template-parts/search/search-calendar.php(16): homeySearchGenerateMonth(1, 1572566400, '11', '2019')
#2 /home/275369.cloudwaysapps.com/pkkcrcapkr/public_html/wp-content/themes/homey/template-parts/search/search-calendar.php(187): homeySearchCalendar()
#3 /home/275369.cloudwaysapps.com/pkkcrcapkr/public_html/wp-includes/template.php(724): require('/home/275369.cl...')
#4 /home/275369.cloudwaysapps.com/pkkcrcapkr/public_html/wp-includes/template.php(671): load_template('/home/275369.cl...', false)
#5 /home/275369.cloudwaysapps.com/pkkcrcapkr/public_html/wp-includes/general-template.php(168): locate_template(Array, true, false)
#6 /home/275369.cloudwaysapps.com/pkkcrcapkr/public_html/wp-content/themes/homey/template-parts/search/overlay-mobile-search-hourly.php(199): get_template_part('template-parts/...')
#7 /home/275369.cloudwaysapps.com/pkkcrcapkr/public_html/wp-includes/template.php(724): require('/home/275369.cl...')
#8 /home/275369.cloudwaysapps.com/pkkcrcapkr/public_html/wp-includes/template.php(671): load_template('/home/275369.cl...', false)
#9 /home/275369.cloudwaysapps.com/pkkcrcapkr/public_html/wp-includes/general-template.php(168): locate_template(Array, true, false)
#10 /home/275369.cloudwaysapps.com/pkkcrcapkr/public_html/wp-content/themes/homey/template-parts/search/overlay-mobile-search.php(6): get_template_part('template-parts/...', 'hourly')
#11 /home/275369.cloudwaysapps.com/pkkcrcapkr/public_html/wp-includes/template.php(724): require('/home/275369.cl...')
#12 /home/275369.cloudwaysapps.com/pkkcrcapkr/public_html/wp-includes/template.php(671): load_template('/home/275369.cl...', false)
#13 /home/275369.cloudwaysapps.com/pkkcrcapkr/public_html/wp-includes/general-template.php(168): locate_template(Array, true, false)
#14 /home/275369.cloudwaysapps.com/pkkcrcapkr/public_html/wp-content/themes/homey/footer.php(20): get_template_part('template-parts/...')
#15 /home/275369.cloudwaysapps.com/pkkcrcapkr/public_html/wp-includes/template.php(722): require_once('/home/275369.cl...')
#16 /home/275369.cloudwaysapps.com/pkkcrcapkr/public_html/wp-includes/template.php(671): load_template('/home/275369.cl...', true)
#17 /home/275369.cloudwaysapps.com/pkkcrcapkr/public_html/wp-includes/general-template.php(76): locate_template(Array, true)
#18 /home/275369.cloudwaysapps.com/pkkcrcapkr/public_html/wp-content/themes/homey/404.php(35): get_footer()
#19 /home/275369.cloudwaysapps.com/pkkcrcapkr/public_html/wp-includes/template-loader.php(78): include('/home/275369.cl...')
#20 /home/275369.cloudwaysapps.com/pkkcrcapkr/public_html/wp-blog-header.php(19): require_once('/home/275369.cl...')
#21 /home/275369.cloudwaysapps.com/pkkcrcapkr/public_html/index.php(17): require('/home/275369.cl...')
#22 {main}  
